kotlin version: 2.1.10
error message: org.jetbrains.kotlin.backend.common.CompilationException: Back-end: Please report this problem https://kotl.in/issue
/home/wiktor/Projects/Magisterka/travel-agency-app/domain/src/main/kotlin/pl/szymanski/wiktor/ta/domain/aggregate/Accommodation.kt:13:1
Problem with `@Serializable
data class Accommodation {
  constructor(accommodationId: UUID, name: String, location: LocationEnum, rent: Rent, booking: Booking? = null, status: AccommodationStatusEnum = AccommodationStatusEnum.AVAILABLE) /* primary */ {
    super/*Any*/()
    /* <init>() */

  }

  @Contextual
  @SerialName(value = "_id")
  val accommodationId: UUID
    field = accommodationId
    get

  val name: String
    field = name
    get

  val location: LocationEnum
    field = location
    get

  val rent: Rent
    field = rent
    get

  var booking: Booking?
    field = booking
    get
    set

  var status: AccommodationStatusEnum
    field = status
    get
    set

  fun expire() {
    { // BLOCK
      val tmp0_subject: AccommodationStatusEnum = <this>.<get-status>()
      when {
        EQEQ(arg0 = tmp0_subject, arg1 = AccommodationStatusEnum.AVAILABLE) -> require(value = now().isAfter(p0 = <this>.<get-rent>().<get-from>()), lazyMessage = local fun <anonymous>(): Any {
          return "Accommodation " + <this>.<get-accommodationId>() + " cannot be expired before its from date"
        }
)
        else -> throw IllegalArgumentException(p0 = "Accommodation " + <this>.<get-accommodationId>() + " cannot expire in status " + <this>.<get-status>())
      }
    }
    <this>.<set-status>(<set-?> = AccommodationStatusEnum.EXPIRED)
  }

  fun book(userId: UUID) {
    <this>.statusCheck()
    require(value = EQEQ(arg0 = <this>.<get-status>(), arg1 = AccommodationStatusEnum.AVAILABLE), lazyMessage = local fun <anonymous>(): Any {
      return "Accommodation " + <this>.<get-accommodationId>() + " is not AVAILABLE"
    }
)
    <this>.<set-status>(<set-?> = AccommodationStatusEnum.BOOKED)
    <this>.<set-booking>(<set-?> = Booking(userId = userId, timestamp = now() /*!! LocalDateTime */))
  }

  fun cancelBooking(userId: UUID) {
    <this>.statusCheck()
    require(value = EQEQ(arg0 = <this>.<get-status>(), arg1 = AccommodationStatusEnum.BOOKED), lazyMessage = local fun <anonymous>(): Any {
      return "Accommodation " + <this>.<get-accommodationId>() + " is not BOOKED"
    }
)
    require(value = EQEQ(arg0 = { // BLOCK
      val tmp0_safe_receiver: Booking? = <this>.<get-booking>()
      when {
        EQEQ(arg0 = tmp0_safe_receiver, arg1 = null) -> null
        else -> tmp0_safe_receiver.<get-userId>()
      }
    }, arg1 = userId), lazyMessage = local fun <anonymous>(): Any {
      return "Accommodation " + <this>.<get-accommodationId>() + " is not BOOKED by user " + userId
    }
)
    <this>.<set-booking>(<set-?> = null)
  }

  private fun statusCheck() {
    when {
      EQEQ(arg0 = <this>.<get-status>(), arg1 = AccommodationStatusEnum.AVAILABLE) -> { // BLOCK
        when {
          now().isAfter(p0 = <this>.<get-rent>().<get-from>()) -> { // BLOCK
            <this>.<set-status>(<set-?> = AccommodationStatusEnum.EXPIRED)
          }
        }
      }
    }
  }

  companion object Companion {
    private constructor() /* primary */ {
      super/*Any*/()
      /* <init>() */

    }

    fun serializer(): KSerializer<Accommodation>

    /* fake */ override operator fun equals(other: Any?): Boolean

    /* fake */ override fun hashCode(): Int

    /* fake */ override fun toString(): String

  }

  @Deprecated(message = "This synthesized declaration should not be used directly", level = DeprecationLevel.HIDDEN)
  object $serializer : GeneratedSerializer<Accommodation> {
    private constructor() /* primary */ {
      super/*Any*/()
      /* <init>() */

    }

    override fun serialize(encoder: Encoder, value: Accommodation)

    override fun deserialize(decoder: Decoder): Accommodation

    override val descriptor: SerialDescriptor
      override get

    override fun childSerializers(): Array<KSerializer<*>>

    /* fake */ override fun typeParametersSerializers(): Array<KSerializer<*>>

    /* fake */ override operator fun equals(other: Any?): Boolean

    /* fake */ override fun hashCode(): Int

    /* fake */ override fun toString(): String

  }

  operator fun component1(): UUID {
    return <this>.#accommodationId
  }

  operator fun component2(): String {
    return <this>.#name
  }

  operator fun component3(): LocationEnum {
    return <this>.#location
  }

  operator fun component4(): Rent {
    return <this>.#rent
  }

  operator fun component5(): Booking? {
    return <this>.#booking
  }

  operator fun component6(): AccommodationStatusEnum {
    return <this>.#status
  }

  fun copy(accommodationId: UUID = <this>.#accommodationId, name: String = <this>.#name, location: LocationEnum = <this>.#location, rent: Rent = <this>.#rent, booking: Booking? = <this>.#booking, status: AccommodationStatusEnum = <this>.#status): Accommodation {
    return Accommodation(accommodationId = accommodationId, name = name, location = location, rent = rent, booking = booking, status = status)
  }

  override fun toString(): String {
    return "Accommodation(" + "accommodationId=" + <this>.#accommodationId + ", " + "name=" + <this>.#name + ", " + "location=" + <this>.#location + ", " + "rent=" + <this>.#rent + ", " + "booking=" + <this>.#booking + ", " + "status=" + <this>.#status + ")"
  }

  override fun hashCode(): Int {
    var result: Int = <this>.#accommodationId.hashCode()
    result = result.times(other = 31).plus(other = <this>.#name.hashCode())
    result = result.times(other = 31).plus(other = <this>.#location.hashCode())
    result = result.times(other = 31).plus(other = <this>.#rent.hashCode())
    result = result.times(other = 31).plus(other = when {
      EQEQ(arg0 = <this>.#booking, arg1 = null) -> 0
      else -> <this>.#booking.hashCode()
    })
    result = result.times(other = 31).plus(other = <this>.#status.hashCode())
    return result
  }

  override operator fun equals(other: Any?): Boolean {
    when {
      EQEQEQ(arg0 = <this>, arg1 = other) -> return true
    }
    when {
      other !is Accommodation -> return false
    }
    val tmp0_other_with_cast: Accommodation = other as Accommodation
    when {
      EQEQ(arg0 = <this>.#accommodationId, arg1 = tmp0_other_with_cast.#accommodationId).not() -> return false
    }
    when {
      EQEQ(arg0 = <this>.#name, arg1 = tmp0_other_with_cast.#name).not() -> return false
    }
    when {
      EQEQ(arg0 = <this>.#location, arg1 = tmp0_other_with_cast.#location).not() -> return false
    }
    when {
      EQEQ(arg0 = <this>.#rent, arg1 = tmp0_other_with_cast.#rent).not() -> return false
    }
    when {
      EQEQ(arg0 = <this>.#booking, arg1 = tmp0_other_with_cast.#booking).not() -> return false
    }
    when {
      EQEQ(arg0 = <this>.#status, arg1 = tmp0_other_with_cast.#status).not() -> return false
    }
    return true
  }

  @JvmStatic
  internal /* static */ fun write$Self(self: Accommodation, output: CompositeEncoder, serialDesc: SerialDescriptor)

  internal constructor(seen0: Int, accommodationId: UUID?, name: String?, location: LocationEnum?, rent: Rent?, booking: Booking?, status: AccommodationStatusEnum?, serializationConstructorMarker: SerializationConstructorMarker?)

}

`
Details: kotlinx.serialization compiler plugin internal error: unable to transform declaration, see cause
	at org.jetbrains.kotlinx.serialization.compiler.extensions.SerializerClassLowering.lower(SerializationLoweringExtension.kt:230)
	at org.jetbrains.kotlinx.serialization.compiler.extensions.SerializationLoweringExtensionKt$runOnFileInOrder$1.visitClass(SerializationLoweringExtension.kt:46)
	at org.jetbrains.kotlin.ir.visitors.IrElementVisitorVoid$DefaultImpls.visitClass(IrElementVisitorVoid.kt:48)
	at org.jetbrains.kotlinx.serialization.compiler.extensions.SerializationLoweringExtensionKt$runOnFileInOrder$1.visitClass(SerializationLoweringExtension.kt:40)
	at org.jetbrains.kotlinx.serialization.compiler.extensions.SerializationLoweringExtensionKt$runOnFileInOrder$1.visitClass(SerializationLoweringExtension.kt:40)
	at org.jetbrains.kotlin.ir.declarations.IrClass.accept(IrClass.kt:72)
	at org.jetbrains.kotlin.ir.declarations.IrFile.acceptChildren(IrFile.kt:34)
	at org.jetbrains.kotlin.ir.visitors.IrVisitorsKt.acceptChildrenVoid(IrVisitors.kt:15)
	at org.jetbrains.kotlinx.serialization.compiler.extensions.SerializationLoweringExtensionKt$runOnFileInOrder$1.visitElement(SerializationLoweringExtension.kt:42)
	at org.jetbrains.kotlin.ir.visitors.IrElementVisitorVoid$DefaultImpls.visitPackageFragment(IrElementVisitorVoid.kt:172)
	at org.jetbrains.kotlinx.serialization.compiler.extensions.SerializationLoweringExtensionKt$runOnFileInOrder$1.visitPackageFragment(SerializationLoweringExtension.kt:40)
	at org.jetbrains.kotlin.ir.visitors.IrElementVisitorVoid$DefaultImpls.visitFile(IrElementVisitorVoid.kt:188)
	at org.jetbrains.kotlinx.serialization.compiler.extensions.SerializationLoweringExtensionKt$runOnFileInOrder$1.visitFile(SerializationLoweringExtension.kt:40)
	at org.jetbrains.kotlin.ir.visitors.IrElementVisitorVoid$DefaultImpls.visitFile(IrElementVisitorVoid.kt:184)
	at org.jetbrains.kotlinx.serialization.compiler.extensions.SerializationLoweringExtensionKt$runOnFileInOrder$1.visitFile(SerializationLoweringExtension.kt:40)
	at org.jetbrains.kotlinx.serialization.compiler.extensions.SerializationLoweringExtensionKt$runOnFileInOrder$1.visitFile(SerializationLoweringExtension.kt:40)
	at org.jetbrains.kotlin.ir.declarations.IrFile.accept(IrFile.kt:28)
	at org.jetbrains.kotlin.ir.visitors.IrVisitorsKt.acceptVoid(IrVisitors.kt:11)
	at org.jetbrains.kotlinx.serialization.compiler.extensions.SerializationLoweringExtensionKt.runOnFileInOrder(SerializationLoweringExtension.kt:40)
	at org.jetbrains.kotlinx.serialization.compiler.extensions.SerializationLoweringExtension.generate(SerializationLoweringExtension.kt:194)
	at org.jetbrains.kotlin.fir.pipeline.ConvertToIrKt.applyIrGenerationExtensions(convertToIr.kt:472)
	at org.jetbrains.kotlin.fir.pipeline.Fir2IrPipeline.runActualizationPipeline(convertToIr.kt:241)
	at org.jetbrains.kotlin.fir.pipeline.Fir2IrPipeline.convertToIrAndActualize(convertToIr.kt:130)
	at org.jetbrains.kotlin.fir.pipeline.ConvertToIrKt.convertToIrAndActualize(convertToIr.kt:100)
	at org.jetbrains.kotlin.fir.pipeline.ConvertToIrKt.convertToIrAndActualize$default(convertToIr.kt:75)
	at org.jetbrains.kotlin.cli.jvm.compiler.pipeline.JvmCompilerPipelineKt.convertToIrAndActualizeForJvm(jvmCompilerPipeline.kt:134)
	at org.jetbrains.kotlin.cli.jvm.compiler.pipeline.JvmCompilerPipelineKt.convertAnalyzedFirToIr(jvmCompilerPipeline.kt:107)
	at org.jetbrains.kotlin.cli.jvm.compiler.pipeline.JvmCompilerPipelineKt.runBackend(jvmCompilerPipeline.kt:73)
	at org.jetbrains.kotlin.cli.jvm.compiler.pipeline.JvmCompilerPipelineLightTreeKt.compileModule(jvmCompilerPipelineLightTree.kt:264)
	at org.jetbrains.kotlin.cli.jvm.compiler.pipeline.JvmCompilerPipelineLightTreeKt.compileSingleModuleUsingFrontendIrAndLightTree(jvmCompilerPipelineLightTree.kt:231)
	at org.jetbrains.kotlin.cli.jvm.compiler.pipeline.JvmCompilerPipelineLightTreeKt.compileModulesUsingFrontendIrAndLightTree(jvmCompilerPipelineLightTree.kt:86)
	at org.jetbrains.kotlin.cli.jvm.K2JVMCompiler.doExecute(K2JVMCompiler.kt:146)
	at org.jetbrains.kotlin.cli.jvm.K2JVMCompiler.doExecute(K2JVMCompiler.kt:43)
	at org.jetbrains.kotlin.cli.common.CLICompiler.execImpl(CLICompiler.kt:102)
	at org.jetbrains.kotlin.cli.common.CLICompiler.exec(CLICompiler.kt:316)
	at org.jetbrains.kotlin.incremental.IncrementalJvmCompilerRunner.runCompiler(IncrementalJvmCompilerRunner.kt:464)
	at org.jetbrains.kotlin.incremental.IncrementalJvmCompilerRunner.runCompiler(IncrementalJvmCompilerRunner.kt:73)
	at org.jetbrains.kotlin.incremental.IncrementalCompilerRunner.doCompile(IncrementalCompilerRunner.kt:506)
	at org.jetbrains.kotlin.incremental.IncrementalCompilerRunner.compileImpl(IncrementalCompilerRunner.kt:423)
	at org.jetbrains.kotlin.incremental.IncrementalCompilerRunner.tryCompileIncrementally$lambda$9$compile(IncrementalCompilerRunner.kt:249)
	at org.jetbrains.kotlin.incremental.IncrementalCompilerRunner.tryCompileIncrementally(IncrementalCompilerRunner.kt:267)
	at org.jetbrains.kotlin.incremental.IncrementalCompilerRunner.compile(IncrementalCompilerRunner.kt:120)
	at org.jetbrains.kotlin.daemon.CompileServiceImplBase.execIncrementalCompiler(CompileServiceImpl.kt:683)
	at org.jetbrains.kotlin.daemon.CompileServiceImplBase.access$execIncrementalCompiler(CompileServiceImpl.kt:91)
	at org.jetbrains.kotlin.daemon.CompileServiceImpl.compile(CompileServiceImpl.kt:1811)
	at java.base/jdk.internal.reflect.DirectMethodHandleAccessor.invoke(DirectMethodHandleAccessor.java:103)
	at java.base/java.lang.reflect.Method.invoke(Method.java:580)
	at java.rmi/sun.rmi.server.UnicastServerRef.dispatch(UnicastServerRef.java:360)
	at java.rmi/sun.rmi.transport.Transport$1.run(Transport.java:200)
	at java.rmi/sun.rmi.transport.Transport$1.run(Transport.java:197)
	at java.base/java.security.AccessController.doPrivileged(AccessController.java:714)
	at java.rmi/sun.rmi.transport.Transport.serviceCall(Transport.java:196)
	at java.rmi/sun.rmi.transport.tcp.TCPTransport.handleMessages(TCPTransport.java:598)
	at java.rmi/sun.rmi.transport.tcp.TCPTransport$ConnectionHandler.run0(TCPTransport.java:844)
	at java.rmi/sun.rmi.transport.tcp.TCPTransport$ConnectionHandler.lambda$run$0(TCPTransport.java:721)
	at java.base/java.security.AccessController.doPrivileged(AccessController.java:400)
	at java.rmi/sun.rmi.transport.tcp.TCPTransport$ConnectionHandler.run(TCPTransport.java:720)
	at java.base/java.util.concurrent.ThreadPoolExecutor.runWorker(ThreadPoolExecutor.java:1144)
	at java.base/java.util.concurrent.ThreadPoolExecutor$Worker.run(ThreadPoolExecutor.java:642)
	at java.base/java.lang.Thread.run(Thread.java:1583)
Caused by: java.lang.IllegalStateException: Serializer for element of type pl.szymanski.wiktor.ta.domain.Rent has not been found
	at org.jetbrains.kotlinx.serialization.compiler.backend.ir.SerializerSearchUtilKt.findTypeSerializerOrContext(SerializerSearchUtil.kt:84)
	at org.jetbrains.kotlinx.serialization.compiler.backend.ir.SerializerSearchUtilKt.getIrSerialTypeInfo(SerializerSearchUtil.kt:63)
	at org.jetbrains.kotlinx.serialization.compiler.backend.ir.BaseIrGenerator.cacheableChildSerializerInstance(BaseIrGenerator.kt:487)
	at org.jetbrains.kotlinx.serialization.compiler.backend.ir.BaseIrGenerator.createCachedChildSerializers(BaseIrGenerator.kt:467)
	at org.jetbrains.kotlinx.serialization.compiler.backend.ir.SerializableIrGenerator.<init>(SerializableIrGenerator.kt:60)
	at org.jetbrains.kotlinx.serialization.compiler.backend.ir.SerializableIrGenerator$Companion.generate(SerializableIrGenerator.kt:399)
	at org.jetbrains.kotlinx.serialization.compiler.extensions.SerializerClassLowering.lower(SerializationLoweringExtension.kt:146)
	... 59 more


